  glad.c
  main.cpp
D:\desktop\暑假作業\CG\李子賢_110062222\OpenGLFramework-VS2017\main.cpp(163,49): warning C4244: '=': 將 'double' 轉換為 'T'，由於類型不同，可能導致資料遺失
          with
          [
              T=float
          ]
D:\desktop\暑假作業\CG\李子賢_110062222\OpenGLFramework-VS2017\main.cpp(166,56): warning C4244: '引數': 將 'double' 轉換為 'GLfloat'，由於類型不同，可能導致資料遺失
D:\desktop\暑假作業\CG\李子賢_110062222\OpenGLFramework-VS2017\main.cpp(174,41): warning C4305: '引數': 從 'double' 轉換為 'T'，是由較大的類型轉換為較小的類型，可能導致資料遺失
          with
          [
              T=float
          ]
D:\desktop\暑假作業\CG\李子賢_110062222\OpenGLFramework-VS2017\main.cpp(182,44): warning C4305: '引數': 從 'double' 轉換為 'T'，是由較大的類型轉換為較小的類型，可能導致資料遺失
          with
          [
              T=float
          ]
D:\desktop\暑假作業\CG\李子賢_110062222\OpenGLFramework-VS2017\main.cpp(190,45): warning C4305: '引數': 從 'double' 轉換為 'T'，是由較大的類型轉換為較小的類型，可能導致資料遺失
          with
          [
              T=float
          ]
D:\desktop\暑假作業\CG\李子賢_110062222\OpenGLFramework-VS2017\main.cpp(199,45): warning C4305: '引數': 從 'double' 轉換為 'T'，是由較大的類型轉換為較小的類型，可能導致資料遺失
          with
          [
              T=float
          ]
D:\desktop\暑假作業\CG\李子賢_110062222\OpenGLFramework-VS2017\main.cpp(207,46): warning C4305: '引數': 從 'double' 轉換為 'T'，是由較大的類型轉換為較小的類型，可能導致資料遺失
          with
          [
              T=float
          ]
D:\desktop\暑假作業\CG\李子賢_110062222\OpenGLFramework-VS2017\main.cpp(215,45): warning C4305: '引數': 從 'double' 轉換為 'T'，是由較大的類型轉換為較小的類型，可能導致資料遺失
          with
          [
              T=float
          ]
D:\desktop\暑假作業\CG\李子賢_110062222\OpenGLFramework-VS2017\main.cpp(224,46): warning C4305: '引數': 從 'double' 轉換為 'T'，是由較大的類型轉換為較小的類型，可能導致資料遺失
          with
          [
              T=float
          ]
D:\desktop\暑假作業\CG\李子賢_110062222\OpenGLFramework-VS2017\main.cpp(234,44): warning C4305: '引數': 從 'double' 轉換為 'T'，是由較大的類型轉換為較小的類型，可能導致資料遺失
          with
          [
              T=float
          ]
D:\desktop\暑假作業\CG\李子賢_110062222\OpenGLFramework-VS2017\main.cpp(243,45): warning C4305: '引數': 從 'double' 轉換為 'T'，是由較大的類型轉換為較小的類型，可能導致資料遺失
          with
          [
              T=float
          ]
D:\desktop\暑假作業\CG\李子賢_110062222\OpenGLFramework-VS2017\main.cpp(287,60): warning C4244: '=': 將 'double' 轉換為 'T'，由於類型不同，可能導致資料遺失
          with
          [
              T=float
          ]
D:\desktop\暑假作業\CG\李子賢_110062222\OpenGLFramework-VS2017\main.cpp(288,60): warning C4244: '=': 將 'double' 轉換為 'T'，由於類型不同，可能導致資料遺失
          with
          [
              T=float
          ]
D:\desktop\暑假作業\CG\李子賢_110062222\OpenGLFramework-VS2017\main.cpp(309,16): warning C4244: '正在初始化': 將 'double' 轉換為 'float'，由於類型不同，可能導致資料遺失
D:\desktop\暑假作業\CG\李子賢_110062222\OpenGLFramework-VS2017\main.cpp(310,16): warning C4244: '正在初始化': 將 'double' 轉換為 'float'，由於類型不同，可能導致資料遺失
D:\desktop\暑假作業\CG\李子賢_110062222\OpenGLFramework-VS2017\main.cpp(312,43): warning C4305: '正在初始化': 從 'double' 轉換為 'float'，是由較大的類型轉換為較小的類型，可能導致資料遺失
D:\desktop\暑假作業\CG\李子賢_110062222\OpenGLFramework-VS2017\main.cpp(313,44): warning C4305: '正在初始化': 從 'double' 轉換為 'float'，是由較大的類型轉換為較小的類型，可能導致資料遺失
D:\desktop\暑假作業\CG\李子賢_110062222\OpenGLFramework-VS2017\main.cpp(314,64): warning C4244: '=': 將 'double' 轉換為 'T'，由於類型不同，可能導致資料遺失
          with
          [
              T=float
          ]
D:\desktop\暑假作業\CG\李子賢_110062222\OpenGLFramework-VS2017\main.cpp(315,64): warning C4244: '=': 將 'double' 轉換為 'T'，由於類型不同，可能導致資料遺失
          with
          [
              T=float
          ]
D:\desktop\暑假作業\CG\李子賢_110062222\OpenGLFramework-VS2017\main.cpp(586,50): warning C4267: '=': 將 'size_t' 轉換為 'int'，資料可能遺失
D:\desktop\暑假作業\CG\李子賢_110062222\OpenGLFramework-VS2017\main.cpp(652,9): warning C4477: 'printf' : 格式字串 '%d' 需要 'int' 類型的引數，但 variadic 引數 1 的類型為 'unsigned __int64'
D:\desktop\暑假作業\CG\李子賢_110062222\OpenGLFramework-VS2017\main.cpp(652,9): message : 請考慮在格式字串中使用 '%zd'
D:\desktop\暑假作業\CG\李子賢_110062222\OpenGLFramework-VS2017\main.cpp(652,9): warning C4477: 'printf' : 格式字串 '%d' 需要 'int' 類型的引數，但 variadic 引數 2 的類型為 'unsigned __int64'
D:\desktop\暑假作業\CG\李子賢_110062222\OpenGLFramework-VS2017\main.cpp(652,9): message : 請考慮在格式字串中使用 '%zd'
D:\desktop\暑假作業\CG\李子賢_110062222\OpenGLFramework-VS2017\main.cpp(695,23): warning C4305: '=': 從 'double' 轉換為 'GLfloat'，是由較大的類型轉換為較小的類型，可能導致資料遺失
  textfile.cpp
D:\desktop\暑假作業\CG\李子賢_110062222\OpenGLFramework-VS2017\textfile.cpp(23,52): warning C4267: '=': 將 'size_t' 轉換為 'int'，資料可能遺失
  正在產生程式碼...
LINK : warning LNK4098: 預設的程式庫 'MSVCRT' 與其他使用的程式庫衝突，請使用 /NODEFAULTLIB:library
  OpenGLFramework-VS2017.vcxproj -> D:\desktop\暑假作業\CG\李子賢_110062222\x64\Debug\OpenGLFramework-VS2017.exe
